Loading gene coverages...
  81 genes loaded
Loading Danko reference rates...
  81 genes, columns: ['chrom', 'chromStart', 'chromEnd', 'uniqueID', 'rate', 'strand', 'medianDist10', 'medianDist25', 'medianDist40']

Gene matching: 81 matched, 0 unmatched

--- Running HMM on 81 genes ---
Window: 50 bp | Max iter: 10 | Emission: gamma
  [1/81] chr1_17719200_17902750_+ rate=2.17 kb/min  r²=0.913
  [10/81] chr10_12431737_12908148_+ rate=0.00 kb/min  r²=nan
  [20/81] chr11_85829797_86061075_- rate=0.00 kb/min  r²=nan
  [30/81] chr15_55671405_55797045_+ rate=4.17 kb/min  r²=0.924
  [40/81] chr18_9698227_9852553_+ rate=-3.19 kb/min  r²=0.750
  [50/81] chr20_24397834_24595167_+ rate=0.00 kb/min  r²=nan
  [60/81] chr3_191157211_191322920_- rate=5.52 kb/min  r²=0.750
  [70/81] chr6_20190850_20325900_- rate=-2.38 kb/min  r²=0.750
  [80/81] chrX_149282208_149433106_+ rate=0.00 kb/min  r²=nan

Finished: 81 OK | 0 failed

Saved: results/grohmm_wave_rates.csv (81 rows)

--- Rate distribution ---
  n:      81
  median: 0.00 kb/min
  mean:   0.69 kb/min
  std:    4.10 kb/min
  range:  -7.41 – 15.11 kb/min

--- Wave position benchmark vs Danko medianDist ---
  10m: r=-0.104, ρ=-0.138  (n=81)
  25m: r=-0.159, ρ=-0.115  (n=79)
  40m: r=-0.135, ρ=-0.182  (n=81)

--- Rate benchmark vs Danko published rate ---
  Pearson  r = -0.066  (p=5.57e-01)
  Spearman ρ = -0.067  (p=5.49e-01)
  n = 81

Saved: results/grohmm_benchmark.png

Done.
